INFO: [VRFC 10-163] Analyzing VHDL file "C:/Users/alexi/OneDrive - USherbrooke/Uni/S4/APP3/Labo22/mips32_labo2_cache/mips32_labo2_cache.srcs/sources_1/imports/MIPS32_package.vhd" into library xil_defaultlib
INFO: [VRFC 10-163] Analyzing VHDL file "C:/Users/alexi/OneDrive - USherbrooke/Uni/S4/APP3/Labo22/mips32_labo2_cache/mips32_labo2_cache.srcs/sources_1/imports/alu.vhd" into library xil_defaultlib
INFO: [VRFC 10-3107] analyzing entity 'alu'
INFO: [VRFC 10-163] Analyzing VHDL file "C:/Users/alexi/OneDrive - USherbrooke/Uni/S4/APP3/Labo22/mips32_labo2_cache/mips32_labo2_cache.srcs/sources_1/imports/BasicFifo.vhd" into library xil_defaultlib
INFO: [VRFC 10-3107] analyzing entity 'BasicFifo'
INFO: [VRFC 10-163] Analyzing VHDL file "C:/Users/alexi/OneDrive - USherbrooke/Uni/S4/APP3/Labo22/mips32_labo2_cache/mips32_labo2_cache.srcs/sources_1/imports/controleur_labo2.vhd" into library xil_defaultlib
INFO: [VRFC 10-3107] analyzing entity 'controleur'
INFO: [VRFC 10-163] Analyzing VHDL file "C:/Users/alexi/OneDrive - USherbrooke/Uni/S4/APP3/Labo22/mips32_labo2_cache/mips32_labo2_cache.srcs/sources_1/imports/MemInstructions.vhd" into library xil_defaultlib
INFO: [VRFC 10-3107] analyzing entity 'MemInstructions'
INFO: [VRFC 10-163] Analyzing VHDL file "C:/Users/alexi/OneDrive - USherbrooke/Uni/S4/APP3/Labo22/mips32_labo2_cache/mips32_labo2_cache.srcs/sources_1/imports/MemDonnees.vhd" into library xil_defaultlib
INFO: [VRFC 10-3107] analyzing entity 'MemDonnees'
INFO: [VRFC 10-163] Analyzing VHDL file "C:/Users/alexi/OneDrive - USherbrooke/Uni/S4/APP3/Labo22/mips32_labo2_cache/mips32_labo2_cache.srcs/sources_1/imports/registres.vhd" into library xil_defaultlib
INFO: [VRFC 10-3107] analyzing entity 'BancRegistres'
INFO: [VRFC 10-163] Analyzing VHDL file "C:/Users/alexi/OneDrive - USherbrooke/Uni/S4/APP3/Labo22/mips32_labo2_cache/mips32_labo2_cache.srcs/sources_1/imports/mips_datapath_unicycle_labo2.vhd" into library xil_defaultlib
INFO: [VRFC 10-3107] analyzing entity 'mips_datapath_unicycle'
INFO: [VRFC 10-163] Analyzing VHDL file "C:/Users/alexi/OneDrive - USherbrooke/Uni/S4/APP3/Labo22/mips32_labo2_cache/mips32_labo2_cache.srcs/sources_1/imports/Dram_ControleExterne.vhd" into library xil_defaultlib
INFO: [VRFC 10-3107] analyzing entity 'Dram_ControleExterne'
INFO: [VRFC 10-163] Analyzing VHDL file "C:/Users/alexi/OneDrive - USherbrooke/Uni/S4/APP3/Labo22/mips32_labo2_cache/mips32_labo2_cache.srcs/sources_1/imports/CachePourDram_labo2.vhd" into library xil_defaultlib
INFO: [VRFC 10-3107] analyzing entity 'CachePourDram'
INFO: [VRFC 10-163] Analyzing VHDL file "C:/Users/alexi/OneDrive - USherbrooke/Uni/S4/APP3/Labo22/mips32_labo2_cache/mips32_labo2_cache.srcs/sources_1/imports/Dram_ModeleControleurInterne.vhd" into library xil_defaultlib
INFO: [VRFC 10-3107] analyzing entity 'Dram_ModeleControlleurInterne'
INFO: [VRFC 10-163] Analyzing VHDL file "C:/Users/alexi/OneDrive - USherbrooke/Uni/S4/APP3/Labo22/mips32_labo2_cache/mips32_labo2_cache.srcs/sources_1/imports/mips_unicycle_top_labo2.vhd" into library xil_defaultlib
INFO: [VRFC 10-3107] analyzing entity 'mips_unicycle_top'
INFO: [VRFC 10-163] Analyzing VHDL file "C:/Users/alexi/OneDrive - USherbrooke/Uni/S4/APP3/Labo22/mips32_labo2_cache/mips32_labo2_cache.srcs/sim_1/imports/verif/mips_unicycle_tb.vhd" into library xil_defaultlib
INFO: [VRFC 10-3107] analyzing entity 'mips_unicycle_tb'
INFO: [VRFC 10-163] Analyzing VHDL file "C:/Users/alexi/OneDrive - USherbrooke/Uni/S4/APP3/Labo22/mips32_labo2_cache/mips32_labo2_cache.srcs/sim_1/imports/verif/monitor_unicycle_labo2.vhd" into library xil_defaultlib
INFO: [VRFC 10-3107] analyzing entity 'monitor_unicycle'
INFO: [VRFC 10-163] Analyzing VHDL file "C:/Users/alexi/OneDrive - USherbrooke/Uni/S4/APP3/Labo22/mips32_labo2_cache/mips32_labo2_cache.srcs/sim_1/imports/verif/cache_testbench.vhd" into library xil_defaultlib
INFO: [VRFC 10-3107] analyzing entity 'cache_testbench'
